<?xml version="1.0" encoding="UTF-8"?>
<testng-results skipped="0" failed="0" ignored="0" total="1" passed="1">
  <reporter-output>
  </reporter-output>
  <suite name="Default suite" duration-ms="26470" started-at="2019-01-13T09:29:18Z" finished-at="2019-01-13T09:29:45Z">
    <groups>
    </groups>
    <test name="Default test" duration-ms="26470" started-at="2019-01-13T09:29:18Z" finished-at="2019-01-13T09:29:45Z">
      <class name="testCases.HomePageClassTest">
        <test-method status="PASS" signature="setUp()[pri:0, instance:testCases.HomePageClassTest@29774679]" name="setUp" is-config="true" duration-ms="21940" started-at="2019-01-13T14:59:18Z" finished-at="2019-01-13T14:59:40Z">
          <reporter-output>
          </reporter-output>
        </test-method> <!-- setUp -->
        <test-method status="PASS" signature="checkUseNameAndClickOnLogOut()[pri:0, instance:testCases.HomePageClassTest@29774679]" name="checkUseNameAndClickOnLogOut" duration-ms="3316" started-at="2019-01-13T14:59:40Z" finished-at="2019-01-13T14:59:44Z">
          <reporter-output>
          </reporter-output>
        </test-method> <!-- checkUseNameAndClickOnLogOut -->
        <test-method status="PASS" signature="tearDown()[pri:0, instance:testCases.HomePageClassTest@29774679]" name="tearDown" is-config="true" duration-ms="1174" started-at="2019-01-13T14:59:44Z" finished-at="2019-01-13T14:59:45Z">
          <reporter-output>
          </reporter-output>
        </test-method> <!-- tearDown -->
      </class> <!-- testCases.HomePageClassTest -->
    </test> <!-- Default test -->
  </suite> <!-- Default suite -->
</testng-results>
