<?xml version="1.0" encoding="UTF-8"?>
<testng-results skipped="0" failed="0" ignored="0" total="1" passed="1">
  <reporter-output>
  </reporter-output>
  <suite name="Default suite" duration-ms="31534" started-at="2019-01-13T09:12:55Z" finished-at="2019-01-13T09:13:27Z">
    <groups>
    </groups>
    <test name="Default test" duration-ms="31534" started-at="2019-01-13T09:12:55Z" finished-at="2019-01-13T09:13:27Z">
      <class name="testCases.HomePageClassTest">
        <test-method status="PASS" signature="setUp()[pri:0, instance:testCases.HomePageClassTest@29774679]" name="setUp" is-config="true" duration-ms="26134" started-at="2019-01-13T14:42:55Z" finished-at="2019-01-13T14:43:21Z">
          <reporter-output>
          </reporter-output>
        </test-method> <!-- setUp -->
        <test-method status="PASS" signature="checkUseNameAndClickOnLogOut()[pri:0, instance:testCases.HomePageClassTest@29774679]" name="checkUseNameAndClickOnLogOut" duration-ms="4147" started-at="2019-01-13T14:43:21Z" finished-at="2019-01-13T14:43:26Z">
          <reporter-output>
          </reporter-output>
        </test-method> <!-- checkUseNameAndClickOnLogOut -->
        <test-method status="PASS" signature="tearDown()[pri:0, instance:testCases.HomePageClassTest@29774679]" name="tearDown" is-config="true" duration-ms="1198" started-at="2019-01-13T14:43:26Z" finished-at="2019-01-13T14:43:27Z">
          <reporter-output>
          </reporter-output>
        </test-method> <!-- tearDown -->
      </class> <!-- testCases.HomePageClassTest -->
    </test> <!-- Default test -->
  </suite> <!-- Default suite -->
</testng-results>
